Command line:
   TB_FFD_isim_beh.exe
     -simmode  gui
     -simrunnum  0
     -socket  51264

Sun Mar 26 23:17:57 2017


 Elaboration Time: 0.03125 sec

 Current Memory Usage: 844.042 Meg

 Total Signals          : 8
 Total Nets             : 4
 Total Signal Drivers   : 4
 Total Blocks           : 3
 Total Primitive Blocks : 2
 Total Processes        : 3
 Total Traceable Variables  : 9
 Total Scalar Nets and Variables : 365
Total Line Count : 21

 Total Simulation Time: 0.203125 sec

 Current Memory Usage: 686.756 Meg

Sun Mar 26 23:19:03 2017

